<?xml version="1.0" encoding="UTF-8"?>
<testsuite xmlns:xsi="http://www.w3.org/2001/XMLSchema-instance" xsi:noNamespaceSchemaLocation="https://maven.apache.org/surefire/maven-surefire-plugin/xsd/surefire-test-report-3.0.xsd" version="3.0" name="distill.log_kvs.RaftTest" time="0.009" tests="2" errors="0" skipped="0" failures="0">
  <properties>
[...]
</properties>
  <testcase name="testReplication" classname="distill.log_kvs.RaftTest" time="0.008">
    <system-err><![CDATA[log length=4 fi.logLength=3 fi.requestPending=true
log length=4 fi.logLength=3 fi.requestPending=false
sending append to S1 with log length 3
received to=S1 index=3
msg in mkAppendMsg = {"entries":[{"term":3,"cmd":"I","cl_reqid":"3","key":"a","by":10}],"index":3,"from":"S1","term":3,"to":"S1","type":"APPEND_REQ","num_committed":0}
log length=4 fi.logLength=0 fi.requestPending=false
sending append to S2 with log length 0
received to=S2 index=0
msg in mkAppendMsg = {"entries":[{"term":1,"cmd":"I","cl_reqid":"0","key":"a","by":10},{"term":2,"cmd":"I","cl_reqid":"1","key":"a","by":10},{"term":2,"cmd":"I","cl_reqid":"2","key":"a","by":10},{"term":3,"cmd":"I","cl_reqid":"3","key":"a","by":10}],"index":0,"from":"S1","term":3,"to":"S2","type":"APPEND_REQ","num_committed":0}
actions in sendAppends = [Send[msg={"entries":[{"term":3,"cmd":"I","cl_reqid":"3","key":"a","by":10}],"index":3,"from":"S1","term":3,"to":"S1","type":"APPEND_REQ","num_committed":0}], Send[msg={"entries":[{"term":1,"cmd":"I","cl_reqid":"0","key":"a","by":10},{"term":2,"cmd":"I","cl_reqid":"1","key":"a","by":10},{"term":2,"cmd":"I","cl_reqid":"2","key":"a","by":10},{"term":3,"cmd":"I","cl_reqid":"3","key":"a","by":10}],"index":0,"from":"S1","term":3,"to":"S2","type":"APPEND_REQ","num_committed":0}]]
log for msgType=APPEND_RESP, is=sending appends from leader, msgType=APPEND_RESP, size of actions=1, actions so far=[SetAlarm[name=S2]]
log length=4 fi.logLength=3 fi.requestPending=true
log length=4 fi.logLength=3 fi.requestPending=true
log length=4 fi.logLength=4 fi.requestPending=false
actions in sendAppends = []
log for msgType=APPEND_RESP, is=received append actions for msgType=APPEND_RESP, append actions size=0, append actions=[]
log for msgType=APPEND_RESP, is=actions for msgType=APPEND_RESP, size=1, are=[SetAlarm[name=S2]]
]]></system-err>
  </testcase>
  <testcase name="testDowngrade" classname="distill.log_kvs.RaftTest" time="0.001"/>
</testsuite>